Parsing helper dialer
Parsing helper dialer
Parsing helper dialer
Parsing helper dialer
Parsing helper dialer
Parsing helper dialer
Parsing helper dialer
Exiting...
Adhearsion Started
Shutting down gracefully.
Parsing helper dialer
Exiting...
Parsing helper manager_proxy
Parsing helper dialer
Exiting...
Parsing helper manager_proxy
Connecting to Asterisk Manager Interface at presenceco.net:5038
Fri Dec 14 18:15:57 -0800 2007 MSG: LOGGED IN
Adhearsion Started
Shutting down gracefully.
Parsing helper dialer
Dialing: #<Customer id: 1, phone: "3000", status: "TODIAL">
Parsing helper dialer
Dialing: #<Customer id: 1, phone: "3000", status: "TODIAL">
Parsing helper dialer
Dialing: #<Customer id: 1, phone: "3000", status: "TODIAL">
Parsing helper dialer
Dialing: #<Customer id: 1, phone: "3000", status: "TODIAL">
Dialing: #<Customer id: 2, phone: "4000", status: "TODIAL">
Exiting...
Parsing helper manager_proxy
Connecting to Asterisk Manager Interface at presenceco.net:5038
Fri Dec 14 18:17:42 -0800 2007 MSG: LOGGED IN
Adhearsion Started
Shutting down gracefully.
Parsing helper manager_proxy
Connecting to Asterisk Manager Interface at presenceco.net:5038
Fri Dec 14 18:20:35 -0800 2007 MSG: LOGGED IN
Parsing helper robodialer
Dialing: #<Customer id: 1, phone: "3000", status: "TODIAL">
Parsing helper manager_proxy
Connecting to Asterisk Manager Interface at presenceco.net:5038
Fri Dec 14 18:21:26 -0800 2007 MSG: LOGGED IN
Parsing helper robodialer
Dialing: #<Customer id: 1, phone: "3000", status: "TODIAL">
Parsing helper manager_proxy
Connecting to Asterisk Manager Interface at presenceco.net:5038
Fri Dec 14 18:21:53 -0800 2007 MSG: LOGGED IN
Parsing helper robodialer
Dialing: #<Customer id: 1, phone: "3000", status: "TODIAL">
The response: [{"Message"=>"Originate successfully queued", "Response"=>"Success", "ActionID"=>"1197685313.91925"}]
Dialing: #<Customer id: 2, phone: "4000", status: "TODIAL">
The response: [{"Message"=>"Originate successfully queued", "Response"=>"Success", "ActionID"=>"1197685314.19788"}]
Exiting...
Adhearsion Started
Shutting down gracefully.
Parsing helper manager_proxy
Connecting to Asterisk Manager Interface at presenceco.net:5038
Fri Dec 14 18:24:31 -0800 2007 MSG: LOGGED IN
Parsing helper robodialer
Dialing: #<Customer id: 1, phone: "4157044517", status: "TODIAL">
The response: [{"Message"=>"Originate successfully queued", "Response"=>"Success", "ActionID"=>"1197685471.41716"}]
Dialing: #<Customer id: 2, phone: "3039164519", status: "TODIAL">
The response: [{"Message"=>"Originate successfully queued", "Response"=>"Success", "ActionID"=>"1197685471.69846"}]
Exiting...
Adhearsion Started
Shutting down gracefully.
